{"synthetic": false,
 "schemaVersion": "2025-09-10",
 "outputs":
 {"o": ["fd3e07905a8e6bf2.olean"],
  "i": "6f7b0fc3ac158e09.ilean",
  "c": "0f22e35522350df2.c"},
 "log":
 [{"message":
   ".> LEAN_PATH=/Users/connor/Medica/backbay/standalone/arc/formal/lean4/Pact/.lake/build/lib/lean /Users/connor/.elan/toolchains/leanprover--lean4---v4.28.0-rc1/bin/lean /Users/connor/Medica/backbay/standalone/arc/formal/lean4/Pact/Arc/Core/Capability.lean -o /Users/connor/Medica/backbay/standalone/arc/formal/lean4/Pact/.lake/build/lib/lean/Arc/Core/Capability.olean -i /Users/connor/Medica/backbay/standalone/arc/formal/lean4/Pact/.lake/build/lib/lean/Arc/Core/Capability.ilean -c /Users/connor/Medica/backbay/standalone/arc/formal/lean4/Pact/.lake/build/ir/Arc/Core/Capability.c --setup /Users/connor/Medica/backbay/standalone/arc/formal/lean4/Pact/.lake/build/ir/Arc/Core/Capability.setup.json --json",
   "level": "trace"}],
 "inputs":
 [["Arc.Core.Capability:deps",
   [["deps",
     [["arc/Arc:extraDep", [["@arc:extraDep", "00000000000006bb"]]],
      ["imports",
       [["Pact.Core.Capability transitive imports (legacy)",
         "00000000000006bb"],
        ["Pact.Core.Capability:importAllArts", "7e937423daa47854"]]]]],
    ["libs",
     [["import dynlibs", "00000000000006bb"],
      ["package external libraries", "00000000000006bb"],
      ["module dynlibs", "00000000000006bb"],
      ["module plugins", "00000000000006bb"]]]]],
  ["Lean 4.28.0, commit 3b0f2862196c6a8af9eb0025ee650252694013dd",
   "612345b87aa96642"],
  ["/Users/connor/Medica/backbay/standalone/arc/formal/lean4/Pact/Arc/Core/Capability.lean",
   "c4cacd5ac1feceeb"],
  ["options", [["-DautoImplicit=false", "4a85acb881fd49d0"]]],
  ["Module.leanArgs: #[]", "00000000000006bb"]],
 "depHash": "d1c2a7bcd589671a"}