{"synthetic": false,
 "schemaVersion": "2025-09-10",
 "outputs":
 {"o": ["8bd0a508d00661e6.olean"],
  "i": "3e79dbda89a94bc2.ilean",
  "c": "0625efa49d9de325.c"},
 "log":
 [{"message":
   ".> LEAN_PATH=/Users/connor/Medica/backbay/standalone/arc/formal/lean4/Pact/.lake/build/lib/lean /Users/connor/.elan/toolchains/leanprover--lean4---v4.28.0-rc1/bin/lean /Users/connor/Medica/backbay/standalone/arc/formal/lean4/Pact/Arc/Core/Receipt.lean -o /Users/connor/Medica/backbay/standalone/arc/formal/lean4/Pact/.lake/build/lib/lean/Arc/Core/Receipt.olean -i /Users/connor/Medica/backbay/standalone/arc/formal/lean4/Pact/.lake/build/lib/lean/Arc/Core/Receipt.ilean -c /Users/connor/Medica/backbay/standalone/arc/formal/lean4/Pact/.lake/build/ir/Arc/Core/Receipt.c --setup /Users/connor/Medica/backbay/standalone/arc/formal/lean4/Pact/.lake/build/ir/Arc/Core/Receipt.setup.json --json",
   "level": "trace"}],
 "inputs":
 [["Arc.Core.Receipt:deps",
   [["deps",
     [["arc/Arc:extraDep", [["@arc:extraDep", "00000000000006bb"]]],
      ["imports",
       [["Pact.Core.Receipt transitive imports (legacy)", "00000000000006bb"],
        ["Pact.Core.Receipt:importAllArts", "44c2ef9ff20204e6"]]]]],
    ["libs",
     [["import dynlibs", "00000000000006bb"],
      ["package external libraries", "00000000000006bb"],
      ["module dynlibs", "00000000000006bb"],
      ["module plugins", "00000000000006bb"]]]]],
  ["Lean 4.28.0, commit 3b0f2862196c6a8af9eb0025ee650252694013dd",
   "612345b87aa96642"],
  ["/Users/connor/Medica/backbay/standalone/arc/formal/lean4/Pact/Arc/Core/Receipt.lean",
   "9afd8914a4b9dd45"],
  ["options", [["-DautoImplicit=false", "4a85acb881fd49d0"]]],
  ["Module.leanArgs: #[]", "00000000000006bb"]],
 "depHash": "2e39e3e952a379e5"}