{"synthetic": false,
 "schemaVersion": "2025-09-10",
 "outputs":
 {"o": ["526190e4247b548c.olean"],
  "i": "de0316d5ebc66ec4.ilean",
  "c": "8cb5327d2d324fd1.c"},
 "log":
 [{"message":
   ".> LEAN_PATH=/Users/connor/Medica/backbay/standalone/arc/formal/lean4/Pact/.lake/build/lib/lean /Users/connor/.elan/toolchains/leanprover--lean4---v4.28.0-rc1/bin/lean /Users/connor/Medica/backbay/standalone/arc/formal/lean4/Pact/Arc/Core/Revocation.lean -o /Users/connor/Medica/backbay/standalone/arc/formal/lean4/Pact/.lake/build/lib/lean/Arc/Core/Revocation.olean -i /Users/connor/Medica/backbay/standalone/arc/formal/lean4/Pact/.lake/build/lib/lean/Arc/Core/Revocation.ilean -c /Users/connor/Medica/backbay/standalone/arc/formal/lean4/Pact/.lake/build/ir/Arc/Core/Revocation.c --setup /Users/connor/Medica/backbay/standalone/arc/formal/lean4/Pact/.lake/build/ir/Arc/Core/Revocation.setup.json --json",
   "level": "trace"}],
 "inputs":
 [["Arc.Core.Revocation:deps",
   [["deps",
     [["arc/Arc:extraDep", [["@arc:extraDep", "00000000000006bb"]]],
      ["imports",
       [["Pact.Core.Revocation transitive imports (legacy)",
         "3a5c763bee822189"],
        ["Pact.Core.Revocation:importAllArts", "717b503e93dab9d7"]]]]],
    ["libs",
     [["import dynlibs", "00000000000006bb"],
      ["package external libraries", "00000000000006bb"],
      ["module dynlibs", "00000000000006bb"],
      ["module plugins", "00000000000006bb"]]]]],
  ["Lean 4.28.0, commit 3b0f2862196c6a8af9eb0025ee650252694013dd",
   "612345b87aa96642"],
  ["/Users/connor/Medica/backbay/standalone/arc/formal/lean4/Pact/Arc/Core/Revocation.lean",
   "6116c04b0488ea1f"],
  ["options", [["-DautoImplicit=false", "4a85acb881fd49d0"]]],
  ["Module.leanArgs: #[]", "00000000000006bb"]],
 "depHash": "19a2a222c308e6c4"}