{"synthetic": false,
 "schemaVersion": "2025-09-10",
 "outputs":
 {"o": ["0670428e2b7e9fa3.olean"],
  "i": "7d9b47ed00d9da0f.ilean",
  "c": "7c36981ca48d9e76.c"},
 "log":
 [{"message":
   ".> LEAN_PATH=/Users/connor/Medica/backbay/standalone/arc/formal/lean4/Pact/.lake/build/lib/lean /Users/connor/.elan/toolchains/leanprover--lean4---v4.28.0-rc1/bin/lean /Users/connor/Medica/backbay/standalone/arc/formal/lean4/Pact/Arc/Core/Scope.lean -o /Users/connor/Medica/backbay/standalone/arc/formal/lean4/Pact/.lake/build/lib/lean/Arc/Core/Scope.olean -i /Users/connor/Medica/backbay/standalone/arc/formal/lean4/Pact/.lake/build/lib/lean/Arc/Core/Scope.ilean -c /Users/connor/Medica/backbay/standalone/arc/formal/lean4/Pact/.lake/build/ir/Arc/Core/Scope.c --setup /Users/connor/Medica/backbay/standalone/arc/formal/lean4/Pact/.lake/build/ir/Arc/Core/Scope.setup.json --json",
   "level": "trace"}],
 "inputs":
 [["Arc.Core.Scope:deps",
   [["deps",
     [["arc/Arc:extraDep", [["@arc:extraDep", "00000000000006bb"]]],
      ["imports",
       [["Pact.Core.Scope transitive imports (legacy)", "3a5c763bee822189"],
        ["Pact.Core.Scope:importAllArts", "1fd8ec44b512343e"]]]]],
    ["libs",
     [["import dynlibs", "00000000000006bb"],
      ["package external libraries", "00000000000006bb"],
      ["module dynlibs", "00000000000006bb"],
      ["module plugins", "00000000000006bb"]]]]],
  ["Lean 4.28.0, commit 3b0f2862196c6a8af9eb0025ee650252694013dd",
   "612345b87aa96642"],
  ["/Users/connor/Medica/backbay/standalone/arc/formal/lean4/Pact/Arc/Core/Scope.lean",
   "c785d5c390fa91b4"],
  ["options", [["-DautoImplicit=false", "4a85acb881fd49d0"]]],
  ["Module.leanArgs: #[]", "00000000000006bb"]],
 "depHash": "ca7aa50657311ab9"}