{"synthetic": false,
 "schemaVersion": "2025-09-10",
 "outputs":
 {"o": ["fb509e658bbf8f6f.olean"],
  "i": "460a075d07753b56.ilean",
  "c": "4fa301211a47c037.c"},
 "log":
 [{"message":
   ".> LEAN_PATH=/Users/connor/Medica/backbay/standalone/arc/formal/lean4/Pact/.lake/build/lib/lean /Users/connor/.elan/toolchains/leanprover--lean4---v4.28.0-rc1/bin/lean /Users/connor/Medica/backbay/standalone/arc/formal/lean4/Pact/Arc.lean -o /Users/connor/Medica/backbay/standalone/arc/formal/lean4/Pact/.lake/build/lib/lean/Arc.olean -i /Users/connor/Medica/backbay/standalone/arc/formal/lean4/Pact/.lake/build/lib/lean/Arc.ilean -c /Users/connor/Medica/backbay/standalone/arc/formal/lean4/Pact/.lake/build/ir/Arc.c --setup /Users/connor/Medica/backbay/standalone/arc/formal/lean4/Pact/.lake/build/ir/Arc.setup.json --json",
   "level": "trace"}],
 "inputs":
 [["Arc:deps",
   [["deps",
     [["arc/Arc:extraDep", [["@arc:extraDep", "00000000000006bb"]]],
      ["imports",
       [["Arc.Core.Capability transitive imports (legacy)", "427ed88e77bcfc91"],
        ["Arc.Core.Capability:importAllArts", "53005665e5c36730"],
        ["Arc.Core.Receipt transitive imports (legacy)", "f52c1039b9f459e9"],
        ["Arc.Core.Receipt:importAllArts", "6855aa361b965120"],
        ["Arc.Core.Scope transitive imports (legacy)", "8ded145264906302"],
        ["Arc.Core.Scope:importAllArts", "a4137571226f16cc"],
        ["Arc.Core.Revocation transitive imports (legacy)", "e753b6db08ca6894"],
        ["Arc.Core.Revocation:importAllArts", "ffcb43bc22b1b894"],
        ["Arc.Spec.Properties transitive imports (legacy)", "6fe9d055354e7695"],
        ["Arc.Spec.Properties:importAllArts", "17b0f0cc1db60a7f"],
        ["Arc.Proofs.Monotonicity transitive imports (legacy)",
         "995beb4bfd406ca8"],
        ["Arc.Proofs.Monotonicity:importAllArts", "5987b920ba5992c8"],
        ["Arc.Proofs.Receipt transitive imports (legacy)", "65c0e45eaa8feb3c"],
        ["Arc.Proofs.Receipt:importAllArts", "275ff163123af1c6"]]]]],
    ["libs",
     [["import dynlibs", "00000000000006bb"],
      ["package external libraries", "00000000000006bb"],
      ["module dynlibs", "00000000000006bb"],
      ["module plugins", "00000000000006bb"]]]]],
  ["Lean 4.28.0, commit 3b0f2862196c6a8af9eb0025ee650252694013dd",
   "612345b87aa96642"],
  ["/Users/connor/Medica/backbay/standalone/arc/formal/lean4/Pact/Arc.lean",
   "17b507797eea259e"],
  ["options", [["-DautoImplicit=false", "4a85acb881fd49d0"]]],
  ["Module.leanArgs: #[]", "00000000000006bb"]],
 "depHash": "11611db056e473eb"}