{"synthetic": false,
 "schemaVersion": "2025-09-10",
 "outputs":
 {"o": ["5e2ea60b28e4a294.olean"],
  "i": "90a5251476d24d83.ilean",
  "c": "e412608434b08dde.c"},
 "log":
 [{"message":
   ".> LEAN_PATH=/Users/connor/Medica/backbay/standalone/arc/formal/lean4/Pact/.lake/build/lib/lean /Users/connor/.elan/toolchains/leanprover--lean4---v4.28.0-rc1/bin/lean /Users/connor/Medica/backbay/standalone/arc/formal/lean4/Pact/Pact/Proofs/Monotonicity.lean -o /Users/connor/Medica/backbay/standalone/arc/formal/lean4/Pact/.lake/build/lib/lean/Pact/Proofs/Monotonicity.olean -i /Users/connor/Medica/backbay/standalone/arc/formal/lean4/Pact/.lake/build/lib/lean/Pact/Proofs/Monotonicity.ilean -c /Users/connor/Medica/backbay/standalone/arc/formal/lean4/Pact/.lake/build/ir/Pact/Proofs/Monotonicity.c --setup /Users/connor/Medica/backbay/standalone/arc/formal/lean4/Pact/.lake/build/ir/Pact/Proofs/Monotonicity.setup.json --json",
   "level": "trace"}],
 "inputs":
 [["Pact.Proofs.Monotonicity:deps",
   [["deps",
     [["chio/Pact:extraDep", [["@chio:extraDep", "00000000000006bb"]]],
      ["imports",
       [["Chio.Core.Capability transitive imports (legacy)",
         "80d87e89de4175cc"],
        ["Chio.Core.Capability:importAllArts", "1e5b790bd53f6fa5"],
        ["Chio.Core.Scope transitive imports (legacy)", "0e43c316300025cf"],
        ["Chio.Core.Scope:importAllArts", "37fb0e79b1c2c318"],
        ["Chio.Core.Revocation transitive imports (legacy)",
         "ec4df3889771758f"],
        ["Chio.Core.Revocation:importAllArts", "496b6acbb3dae069"],
        ["Chio.Spec.Properties transitive imports (legacy)",
         "87749ee1da189272"],
        ["Chio.Spec.Properties:importAllArts", "7db5f2b0111b7857"]]]]],
    ["libs",
     [["import dynlibs", "00000000000006bb"],
      ["package external libraries", "00000000000006bb"],
      ["module dynlibs", "00000000000006bb"],
      ["module plugins", "00000000000006bb"]]]]],
  ["Lean 4.28.0, commit 3b0f2862196c6a8af9eb0025ee650252694013dd",
   "612345b87aa96642"],
  ["/Users/connor/Medica/backbay/standalone/arc/formal/lean4/Pact/Pact/Proofs/Monotonicity.lean",
   "92068cf2789e7ee9"],
  ["options", [["-DautoImplicit=false", "4a85acb881fd49d0"]]],
  ["Module.leanArgs: #[]", "00000000000006bb"]],
 "depHash": "be789a32a450c636"}