{"synthetic": false,
 "schemaVersion": "2025-09-10",
 "outputs":
 {"o": ["69b782077bd6575b.olean"],
  "i": "7e80f4b64ee55109.ilean",
  "c": "064d472c104ca932.c"},
 "log":
 [{"message":
   ".> LEAN_PATH=/Users/connor/Medica/backbay/standalone/arc/formal/lean4/Pact/.lake/build/lib/lean /Users/connor/.elan/toolchains/leanprover--lean4---v4.28.0-rc1/bin/lean /Users/connor/Medica/backbay/standalone/arc/formal/lean4/Pact/Pact/Proofs/Receipt.lean -o /Users/connor/Medica/backbay/standalone/arc/formal/lean4/Pact/.lake/build/lib/lean/Pact/Proofs/Receipt.olean -i /Users/connor/Medica/backbay/standalone/arc/formal/lean4/Pact/.lake/build/lib/lean/Pact/Proofs/Receipt.ilean -c /Users/connor/Medica/backbay/standalone/arc/formal/lean4/Pact/.lake/build/ir/Pact/Proofs/Receipt.c --setup /Users/connor/Medica/backbay/standalone/arc/formal/lean4/Pact/.lake/build/ir/Pact/Proofs/Receipt.setup.json --json",
   "level": "trace"}],
 "inputs":
 [["Pact.Proofs.Receipt:deps",
   [["deps",
     [["arc/Pact:extraDep", [["@arc:extraDep", "00000000000006bb"]]],
      ["imports",
       [["Arc.Core.Receipt transitive imports (legacy)", "f52c1039b9f459e9"],
        ["Arc.Core.Receipt:importAllArts", "6855aa361b965120"]]]]],
    ["libs",
     [["import dynlibs", "00000000000006bb"],
      ["package external libraries", "00000000000006bb"],
      ["module dynlibs", "00000000000006bb"],
      ["module plugins", "00000000000006bb"]]]]],
  ["Lean 4.28.0, commit 3b0f2862196c6a8af9eb0025ee650252694013dd",
   "612345b87aa96642"],
  ["/Users/connor/Medica/backbay/standalone/arc/formal/lean4/Pact/Pact/Proofs/Receipt.lean",
   "133dd15d0c35da84"],
  ["options", [["-DautoImplicit=false", "4a85acb881fd49d0"]]],
  ["Module.leanArgs: #[]", "00000000000006bb"]],
 "depHash": "4894803ef0fd9a13"}