{"synthetic": false,
 "schemaVersion": "2025-09-10",
 "outputs":
 {"o": ["917fb5b918dd17ee.olean"],
  "i": "befa81c742612b29.ilean",
  "c": "d5c66a9673321ff9.c"},
 "log":
 [{"message":
   ".> LEAN_PATH=/Users/connor/Medica/backbay/standalone/arc/formal/lean4/Pact/.lake/build/lib/lean /Users/connor/.elan/toolchains/leanprover--lean4---v4.28.0-rc1/bin/lean /Users/connor/Medica/backbay/standalone/arc/formal/lean4/Pact/Pact/Core/Scope.lean -o /Users/connor/Medica/backbay/standalone/arc/formal/lean4/Pact/.lake/build/lib/lean/Pact/Core/Scope.olean -i /Users/connor/Medica/backbay/standalone/arc/formal/lean4/Pact/.lake/build/lib/lean/Pact/Core/Scope.ilean -c /Users/connor/Medica/backbay/standalone/arc/formal/lean4/Pact/.lake/build/ir/Pact/Core/Scope.c --setup /Users/connor/Medica/backbay/standalone/arc/formal/lean4/Pact/.lake/build/ir/Pact/Core/Scope.setup.json --json",
   "level": "trace"}],
 "inputs":
 [["Pact.Core.Scope:deps",
   [["deps",
     [["arc/Pact:extraDep", [["@arc:extraDep", "00000000000006bb"]]],
      ["imports",
       [["Arc.Core.Capability transitive imports (legacy)", "427ed88e77bcfc91"],
        ["Arc.Core.Capability:importAllArts", "53005665e5c36730"]]]]],
    ["libs",
     [["import dynlibs", "00000000000006bb"],
      ["package external libraries", "00000000000006bb"],
      ["module dynlibs", "00000000000006bb"],
      ["module plugins", "00000000000006bb"]]]]],
  ["Lean 4.28.0, commit 3b0f2862196c6a8af9eb0025ee650252694013dd",
   "612345b87aa96642"],
  ["/Users/connor/Medica/backbay/standalone/arc/formal/lean4/Pact/Pact/Core/Scope.lean",
   "2da0408cb87da531"],
  ["options", [["-DautoImplicit=false", "4a85acb881fd49d0"]]],
  ["Module.leanArgs: #[]", "00000000000006bb"]],
 "depHash": "ee7a8ad7725d528b"}