To honour the JVM settings for this build a single-use Daemon process will be forked. For more on this, please refer to https://docs.gradle.org/8.7/userguide/gradle_daemon.html#sec:disabling_the_daemon in the Gradle documentation.
Daemon will be stopped at the end of the build 
> Task :checkKotlinGradlePluginConfigurationErrors
> Task :arc-spring-boot:checkKotlinGradlePluginConfigurationErrors
> Task :processResources NO-SOURCE
> Task :arc-spring-boot:compileKotlin UP-TO-DATE
> Task :arc-spring-boot:compileJava NO-SOURCE
> Task :arc-spring-boot:processResources UP-TO-DATE
> Task :arc-spring-boot:classes UP-TO-DATE
> Task :arc-spring-boot:jar
> Task :compileKotlin
> Task :compileJava NO-SOURCE
> Task :classes UP-TO-DATE
> Task :resolveMainClassName

> Task :bootRun

  .   ____          _            __ _ _
 /\\ / ___'_ __ _ _(_)_ __  __ _ \ \ \ \
( ( )\___ | '_ | '_| | '_ \/ _` | \ \ \ \
 \\/  ___)| |_)| | | | | || (_| |  ) ) ) )
  '  |____| .__|_| |_|_| |_\__, | / / / /
 =========|_|==============|___/=/_/_/_/
 :: Spring Boot ::                (v3.2.2)

2026-04-15T12:46:50.951-04:00  INFO 85454 --- [           main] e.hello.HelloSpringBootApplicationKt     : Starting HelloSpringBootApplicationKt using Java 21.0.10 with PID 85454 (/Users/connor/Medica/backbay/standalone/arc/examples/hello-spring-boot/build/classes/kotlin/main started by connor in /Users/connor/Medica/backbay/standalone/arc/examples/hello-spring-boot)
2026-04-15T12:46:50.952-04:00  INFO 85454 --- [           main] e.hello.HelloSpringBootApplicationKt     : No active profile set, falling back to 1 default profile: "default"
2026-04-15T12:46:51.458-04:00  INFO 85454 --- [           main] o.s.b.w.embedded.tomcat.TomcatWebServer  : Tomcat initialized with port 51262 (http)
2026-04-15T12:46:51.465-04:00  INFO 85454 --- [           main] o.apache.catalina.core.StandardService   : Starting service [Tomcat]
2026-04-15T12:46:51.465-04:00  INFO 85454 --- [           main] o.apache.catalina.core.StandardEngine    : Starting Servlet engine: [Apache Tomcat/10.1.18]
2026-04-15T12:46:51.488-04:00  INFO 85454 --- [           main] o.a.c.c.C.[Tomcat].[localhost].[/]       : Initializing Spring embedded WebApplicationContext
2026-04-15T12:46:51.488-04:00  INFO 85454 --- [           main] w.s.c.ServletWebServerApplicationContext : Root WebApplicationContext: initialization completed in 510 ms
2026-04-15T12:46:51.752-04:00  INFO 85454 --- [           main] o.s.b.w.embedded.tomcat.TomcatWebServer  : Tomcat started on port 51262 (http) with context path ''
2026-04-15T12:46:51.756-04:00  INFO 85454 --- [           main] e.hello.HelloSpringBootApplicationKt     : Started HelloSpringBootApplicationKt in 0.97 seconds (process running for 1.141)
2026-04-15T12:46:52.960-04:00  INFO 85454 --- [io-51262-exec-2] o.a.c.c.C.[Tomcat].[localhost].[/]       : Initializing Spring DispatcherServlet 'dispatcherServlet'
2026-04-15T12:46:52.960-04:00  INFO 85454 --- [io-51262-exec-2] o.s.web.servlet.DispatcherServlet        : Initializing Servlet 'dispatcherServlet'
2026-04-15T12:46:52.960-04:00  INFO 85454 --- [io-51262-exec-2] o.s.web.servlet.DispatcherServlet        : Completed initialization in 0 ms
