{"synthetic": false,
 "schemaVersion": "2025-09-10",
 "outputs":
 {"o": ["261df84d67d251b6.olean"],
  "i": "d85c4f5e478e209c.ilean",
  "c": "cfc80d67b5a0fb6d.c"},
 "log":
 [{"message":
   ".> LEAN_PATH=/Users/connor/Medica/backbay/standalone/arc/formal/lean4/Pact/.lake/build/lib/lean /Users/connor/.elan/toolchains/leanprover--lean4---v4.28.0-rc1/bin/lean /Users/connor/Medica/backbay/standalone/arc/formal/lean4/Pact/Arc/Proofs/Monotonicity.lean -o /Users/connor/Medica/backbay/standalone/arc/formal/lean4/Pact/.lake/build/lib/lean/Arc/Proofs/Monotonicity.olean -i /Users/connor/Medica/backbay/standalone/arc/formal/lean4/Pact/.lake/build/lib/lean/Arc/Proofs/Monotonicity.ilean -c /Users/connor/Medica/backbay/standalone/arc/formal/lean4/Pact/.lake/build/ir/Arc/Proofs/Monotonicity.c --setup /Users/connor/Medica/backbay/standalone/arc/formal/lean4/Pact/.lake/build/ir/Arc/Proofs/Monotonicity.setup.json --json",
   "level": "trace"}],
 "inputs":
 [["Arc.Proofs.Monotonicity:deps",
   [["deps",
     [["arc/Arc:extraDep", [["@arc:extraDep", "00000000000006bb"]]],
      ["imports",
       [["Pact.Proofs.Monotonicity transitive imports (legacy)",
         "13addf45769dac23"],
        ["Pact.Proofs.Monotonicity:importAllArts", "5caab26fc1fcf1e0"]]]]],
    ["libs",
     [["import dynlibs", "00000000000006bb"],
      ["package external libraries", "00000000000006bb"],
      ["module dynlibs", "00000000000006bb"],
      ["module plugins", "00000000000006bb"]]]]],
  ["Lean 4.28.0, commit 3b0f2862196c6a8af9eb0025ee650252694013dd",
   "612345b87aa96642"],
  ["/Users/connor/Medica/backbay/standalone/arc/formal/lean4/Pact/Arc/Proofs/Monotonicity.lean",
   "2ac1bdbde6aac333"],
  ["options", [["-DautoImplicit=false", "4a85acb881fd49d0"]]],
  ["Module.leanArgs: #[]", "00000000000006bb"]],
 "depHash": "fa8fe967b30c6d02"}