{"synthetic": false,
 "schemaVersion": "2025-09-10",
 "outputs":
 {"o": ["db21852d1c3eee99.olean"],
  "i": "f1439d712ac2072c.ilean",
  "c": "38fbecd4e7fedb5f.c"},
 "log":
 [{"message":
   ".> LEAN_PATH=/Users/connor/Medica/backbay/standalone/arc/formal/lean4/Pact/.lake/build/lib/lean /Users/connor/.elan/toolchains/leanprover--lean4---v4.28.0-rc1/bin/lean /Users/connor/Medica/backbay/standalone/arc/formal/lean4/Pact/Pact/Spec/Properties.lean -o /Users/connor/Medica/backbay/standalone/arc/formal/lean4/Pact/.lake/build/lib/lean/Pact/Spec/Properties.olean -i /Users/connor/Medica/backbay/standalone/arc/formal/lean4/Pact/.lake/build/lib/lean/Pact/Spec/Properties.ilean -c /Users/connor/Medica/backbay/standalone/arc/formal/lean4/Pact/.lake/build/ir/Pact/Spec/Properties.c --setup /Users/connor/Medica/backbay/standalone/arc/formal/lean4/Pact/.lake/build/ir/Pact/Spec/Properties.setup.json --json",
   "level": "trace"}],
 "inputs":
 [["Pact.Spec.Properties:deps",
   [["deps",
     [["arc/Pact:extraDep", [["@arc:extraDep", "00000000000006bb"]]],
      ["imports",
       [["Arc.Core.Capability transitive imports (legacy)", "427ed88e77bcfc91"],
        ["Arc.Core.Capability:importAllArts", "53005665e5c36730"],
        ["Arc.Core.Scope transitive imports (legacy)", "8ded145264906302"],
        ["Arc.Core.Scope:importAllArts", "a4137571226f16cc"]]]]],
    ["libs",
     [["import dynlibs", "00000000000006bb"],
      ["package external libraries", "00000000000006bb"],
      ["module dynlibs", "00000000000006bb"],
      ["module plugins", "00000000000006bb"]]]]],
  ["Lean 4.28.0, commit 3b0f2862196c6a8af9eb0025ee650252694013dd",
   "612345b87aa96642"],
  ["/Users/connor/Medica/backbay/standalone/arc/formal/lean4/Pact/Pact/Spec/Properties.lean",
   "99d0033b57adfac3"],
  ["options", [["-DautoImplicit=false", "4a85acb881fd49d0"]]],
  ["Module.leanArgs: #[]", "00000000000006bb"]],
 "depHash": "bcb8a838987cfe7f"}